Vivado Simulator 2019.2
Copyright 1986-1999, 2001-2019 Xilinx, Inc. All Rights Reserved.
Running: /home/osama/Vivado/Vivado/2019.2/bin/unwrapped/lnx64.o/xelab -wto 175e19b2a3de46aeadce0834ca3ac64d --incr --debug typical --relax --mt 8 -L xil_defaultlib -L unisims_ver -L unimacro_ver -L secureip --snapshot processor_tb_behav xil_defaultlib.processor_tb xil_defaultlib.glbl -log elaborate.log 
Using 8 slave threads.
Starting static elaboration
Pass Through NonSizing Optimizer
Completed static elaboration
Starting simulation data flow analysis
Completed simulation data flow analysis
Time Resolution for simulation is 1ps
Compiling module xil_defaultlib.mux2(WIDTH=32)
Compiling module xil_defaultlib.flopr(WIDTH=32)
Compiling module xil_defaultlib.imem
Compiling module xil_defaultlib.adder
Compiling module xil_defaultlib.PipeFtoD
Compiling module xil_defaultlib.regfile
Compiling module xil_defaultlib.maindec
Compiling module xil_defaultlib.aludec
Compiling module xil_defaultlib.controller
Compiling module xil_defaultlib.signext
Compiling module xil_defaultlib.sl2
Compiling module xil_defaultlib.equal
Compiling module xil_defaultlib.and2
Compiling module xil_defaultlib.PipeDtoE
Compiling module xil_defaultlib.mux2(WIDTH=5)
Compiling module xil_defaultlib.mux3(WIDTH=32)
Compiling module xil_defaultlib.alu
Compiling module xil_defaultlib.PipeEtoM
Compiling module xil_defaultlib.dmem
Compiling module xil_defaultlib.PipeMtoW
Compiling module xil_defaultlib.HazardUnit
Compiling module xil_defaultlib.processor
Compiling module xil_defaultlib.processor_tb
Compiling module xil_defaultlib.glbl
Built simulation snapshot processor_tb_behav
