Vivado Simulator 2019.2
Copyright 1986-1999, 2001-2019 Xilinx, Inc. All Rights Reserved.
Running: /home/osama/Vivado/Vivado/2019.2/bin/unwrapped/lnx64.o/xelab -wto 17a524d227124a3390f0485243f3d4d3 --incr --debug typical --relax --mt 8 -L xil_defaultlib -L unisims_ver -L unimacro_ver -L secureip --snapshot top_tb_behav xil_defaultlib.top_tb xil_defaultlib.glbl -log elaborate.log 
Using 8 slave threads.
Starting static elaboration
Pass Through NonSizing Optimizer
WARNING: [VRFC 10-3091] actual bit length 32 differs from formal bit length 5 for port 'y' [/home/osama/Desktop/CS224/Labs/Lab 4/Lab4/Lab4.srcs/sources_1/new/datapath.sv:32]
WARNING: [VRFC 10-3091] actual bit length 32 differs from formal bit length 5 for port 'ra1' [/home/osama/Desktop/CS224/Labs/Lab 4/Lab4/Lab4.srcs/sources_1/new/datapath.sv:34]
WARNING: [VRFC 10-3091] actual bit length 32 differs from formal bit length 5 for port 'y' [/home/osama/Desktop/CS224/Labs/Lab 4/Lab4/Lab4.srcs/sources_1/new/datapath.sv:37]
WARNING: [VRFC 10-3091] actual bit length 32 differs from formal bit length 5 for port 'd0' [/home/osama/Desktop/CS224/Labs/Lab 4/Lab4/Lab4.srcs/sources_1/new/datapath.sv:39]
Completed static elaboration
Starting simulation data flow analysis
Completed simulation data flow analysis
Time Resolution for simulation is 1ps
Compiling module xil_defaultlib.maindec
Compiling module xil_defaultlib.aludec
Compiling module xil_defaultlib.controller
Compiling module xil_defaultlib.flopr(WIDTH=32)
Compiling module xil_defaultlib.adder
Compiling module xil_defaultlib.sl2
Compiling module xil_defaultlib.mux2(WIDTH=32)
Compiling module xil_defaultlib.mux2(WIDTH=5)
Compiling module xil_defaultlib.regfile
Compiling module xil_defaultlib.signext
Compiling module xil_defaultlib.alu
Compiling module xil_defaultlib.datapath
Compiling module xil_defaultlib.mips
Compiling module xil_defaultlib.imem
Compiling module xil_defaultlib.dmem
Compiling module xil_defaultlib.top
Compiling module xil_defaultlib.top_tb
Compiling module xil_defaultlib.glbl
Built simulation snapshot top_tb_behav
